38582
44202
41750
42560
42950
39816
46522
48819
17873
6272
45697
16597
47387
37661
41709
34384
33800
46815
47943
16577
47964
38654
5443
37474
31628
47107
46726
46728
34937
37956
41367
16585
48890
7398
32530
44017
35827
48526
34828
37490
16546
31835
35812
41495
43308
19543
47456
48822
46877
48056
7367
47361
44022
48595
46727
46283
37961
47657
39433
45769
46739
36768
47708
47309
48136
37998
42266
44314
45802
46109
43242
6260
39691
41770
46729
43033
37994
47357
43362
42991
48969
39090
31383
35248
48141
42424
46759
48951
6240
16645
47733
16576
47405
1179
45824
37365
48212
42206
46611
47752
33781
42518
47960
46206
42972
48554
46614
42501
47523
47706
48131
46907
47398
30299
46812
35228
47363
47635
43325
42898
44194
47036
37275
46558
46559
48558
46504
45370
45439
43203
6216
37261
44285
39058
16642
5474
44690
47358
46787
15561
33541
48657
31697
46309
44274
47148
48532
47152
48431
46217
48703
46970
16578
32710
46999
47891
37274
47629
49009
42063
44808
47525
48291
42284
43413
36715
32535
32537
39163
47940
48028
47310
47576
41671
48319
48624
5473
35955
45757
24596
35745
7381
43036
35853
41808
46271
36025
16611
41839
37930
31690
1186
43273
42444
20679
16575
46468
44023
31873
47145
37246
46205
47157
42939
48422
48556
31792
32209
42516
34957
42565
39736
31619
46138
41666
31640
38015
48898
45841
16682
7496
46212
32709
47366
47645
31994
32791
41400
42255
42891
43891
48437
48654
37284
46540
31608
48860
31683
48715
46825
34939
45613
39341
45808
42517
3223
42483
7406
47055
46465
31659
48425
31673
34942
43034
33778
45805
41708
33417
34383
46824
48182
47979
47944
37292
38573
45733
35437
44955
45364
38593
42098
35214
42442
34888
45806
19540
32704
44884
33786
46535
35515
41701
43000
45744
47961
31806
44272
31762
31800
45561
16541
48550
33534
48588
34823
35169
48683
47716
44014
48551
31694
37626
44795
41437
32703
39086
33772
48365
16664
49015
7485
35450
45675
42414
46789
44974
24613
47311
37337
47477
48557
44785
7389
41754
46826
16568
48518
44677
5519
47396
1166
24287
48663
43016
45836
46828
35241
32698
48933
969
42130
48983
35636
48706
6175
47531
39824
43031
42536
48959
38567
42499
39447
42490
46804
48213
36738
38612
48629
46869
47527
5057
36691
42492
47939
31390
48214
48345
30301
37823
47435
32024
41696
37583
36780
47720
48874
46227
16612
45682
30296
45996
41783
47353
45586
47312
47983
33789
48623
47529
36765
42968
46814
39710
43331
46137
1174
34958
46866
48226
41834
44242
47942
7373
31614
37655
45625
16631
46677
16640
48717
31799
46744
16587
35438
39421
46239
48406
47993
43342
48552
45624
42256
42946
16594
16667
43388
47889
46788
1158
19536
32003
7467
48658
41718
41712
46782
47912
45434
31616
48688
48527
44260
45437
47890
47532
43319
43393
29109
37250
48643
46000
45787
46064
33785
47723
48525
16566
47008
36783
48414
47936
37298
38948
48984
41799
31793
44273
16600
34818
39471
1184
31807
39000
31617
43441
47292
44684
44916
15477
44946
46311
33782
48596
7377
48702
16625
39206
46607
31606
37402
46994
16672
48642
46127
47388
31803
48653
48030
48997
1048
39789
32464
45818
47616
48661
46745
37271
48524
32533
37331
47729
38663
44186
16542
48198
1181
42914
47476
48878
31797
1190
38981
16639
16582
15487
46608
45585
47895
48594
41703
48143
48684
35251
37404
16656
41723
46498
41303
41361
46813
48352
48742
47142
16579
48589
16572
48821
31629
47095
48529
42925
38541
43025
1189
42498
43027
46270
33630
46730
43289
47364
48331
36608
33779
48846
32540
31729
48278
42491
42521
43265
41383
36679
48418
46878
49013
16622
41769
32542
47744
48180
42574
31610
44207
33788
37266
47367
41369
33810
37401
42510
31384
33807
37399
39091
16569
1163
33775
38629
44284
46082
5074
34962
47728
30202
48519
39184
46260
42466
48125
16581
16592
37385
44319
46228
46240
32706
41746
48721
31609
48609
44308
16652
33558
48011
30169
46879
33783
36604
16580
43295
48378
46971
44846
35170
39138
41414
42446
32712
35426
43303
47988
42254
31615
47984
48644
37637
48421
46147
7391
47524
34323
46530
16615
35293
47150
16589
34971
45667
35748
47139
1155
16604
16610
16619
24085
31647
39114
Í¼µº¼¯
30303
48273
33716
41356
44338
48590
43341
48909
46811
33774
37366
44674
46144
48832
42253
47675
41478
44812
42159
47959
49019
47478
32715
47739
41461
34358
39720
42590
43038
48439
48664
48420
47313
48593
16573
44889
30205
46229
47941
48987
44681
35329
46596
37481
5413
31821
36722
41725
41803
42062
48858
44322
44841
45358
42488
48626
47705
31385
48176
45612
46741
43920
16605
47907
44218
2526
47098
31795
41717
31988
42541
44855
33880
46253
48208
35258
47306
1177
44711
46153
31605
47368
16583
16680
45568
47740
7514
16662
47034
47307
37493
1175
47718
35787
6169
38650
43248
48569
35230
975
47982
48405
37593
47725
17868
42244
16603
45596
45621
46609
39455
