47733
47008
43273
38541
49009
32698
47152
44017
43289
6175
32712
48418
43038
48593
1174
33786
41666
46824
48550
48653
38650
45586
36608
6260
48595
47942
42925
48983
36679
5519
39421
47435
17873
37474
37481
47984
7467
48056
16656
33807
46239
48997
47982
39455
42253
41671
48624
45585
48532
48819
34384
36604
46271
48524
46240
37956
33716
44314
48951
48984
16682
47960
1189
46789
47034
48688
969
47363
42517
46127
47358
48212
38654
45596
16579
32704
43031
16680
49013
41703
38573
33417
49015
41461
34939
42521
48987
41437
31384
34888
37823
47706
46559
47718
47936
35515
42518
33800
44674
45769
46270
30301
35450
46228
48702
31390
38567
47366
49019
48143
47728
47107
39824
42284
48437
37402
44014
43033
47396
48421
47961
48658
16566
34823
31385
41478
47405
48657
33775
33788
48406
46611
48425
42130
46064
47523
48552
19540
45675
24085
44711
33778
44812
5074
38582
48125
6240
46825
47357
48556
30296
45624
32535
48529
33782
5413
47940
46814
32709
42206
33880
39206
45621
44884
41769
45733
15487
Í¼µº¼¯
39341
48439
45836
43000
48414
16619
47145
44338
16542
47139
46879
31697
32464
16577
42063
48684
16662
45697
16580
16610
48214
47142
48525
32530
44681
34828
7391
30303
24596
16546
48519
36715
43388
16667
46745
46212
30205
45744
48526
7514
45824
16541
16589
6272
48874
48860
7401
48703
48832
39691
48629
48623
43325
16642
32706
35426
48558
29109
38612
34962
48663
48715
7485
46206
34323
48551
16611
1166
33789
41495
42950
35214
5431
7398
46813
37266
37365
41383
48643
37961
48291
16587
1163
7496
44284
44889
16597
45561
2526
41414
47723
32533
48141
48198
44974
45568
48030
46828
44022
48589
45439
47098
41369
3223
48590
47361
1190
45802
46138
42255
1179
46309
42590
36691
16582
16592
16631
44260
47367
41783
48554
31383
20679
7373
34383
1155
41361
48706
46311
45625
1158
33541
7381
47398
7367
38593
16645
39447
6169
1181
16594
44677
45370
16600
24287
48821
46522
6216
46907
38948
41696
33781
32715
42244
7389
43027
16664
37930
48319
42501
42991
46607
47388
33772
47527
39163
42062
5443
42891
42098
16603
43891
42159
24613
33783
48273
46144
41303
34358
46137
48654
44855
37401
48422
39000
42946
47716
39471
48213
45806
33534
5474
45437
48822
37493
42266
43248
44273
46227
34971
16604
37998
16573
48226
16612
42414
48661
48588
48721
36765
45841
47895
48569
16640
43920
5057
7406
35748
47912
30169
39789
46205
42254
42574
42466
43265
46812
48642
46739
15561
45805
48345
7377
44690
16622
42256
47353
37284
46878
975
44194
36783
41367
47964
42516
45434
47941
16572
43393
16585
48664
17868
44272
37994
47959
46283
47150
34958
32537
43034
48626
32791
42898
30299
42536
42939
46788
34942
46782
33810
46811
48208
46815
37366
43036
46260
47306
44846
16652
48596
46787
19536
45818
47939
48378
1177
42968
36722
39090
46540
33630
43413
45364
46498
32540
46596
43362
36738
39433
41400
33558
47720
16615
39114
44274
48420
34818
33779
47148
48557
44319
34937
36780
48176
16639
48898
47095
19543
47979
43303
1175
33785
43016
33774
47456
48594
46253
43025
47729
42972
37250
37385
5473
38015
32710
44946
15477
44684
41709
44186
47983
16605
30202
48717
1186
45358
46608
48683
36768
46465
44916
42914
47387
38663
48644
46558
44955
32703
41356
44808
1048
1184
47725
45682
32542
34957
44023
46999
37399
46804
47708
16625
38629
32710
46137
47456
3223
48425
48684
16546
Í¼µº¼¯
45621
42536
41437
38612
37266
7377
30205
47716
16582
45586
15487
45439
16664
32540
1174
48717
45434
47095
42516
47405
45836
39824
24613
47728
16680
46999
48569
33880
32535
5431
48822
47936
42206
45697
48703
6216
47729
35426
32537
19536
42466
42062
46815
48702
16611
32698
46812
1181
48422
48593
34358
34958
33807
47939
48951
7485
31383
37994
42925
48551
46788
46270
44955
48683
35450
16600
49009
37250
48590
15561
39447
16662
44681
48125
33775
44186
48319
48706
32703
43033
1184
44974
39206
36738
44674
38629
48030
37823
45370
7467
46739
41383
43248
47098
47723
41356
45802
33810
48984
6175
33783
47152
7398
16645
17873
43031
33772
46144
48596
1177
16625
32464
46064
33778
46611
39000
16589
48550
47435
47964
41361
48529
19543
7406
48418
38541
46879
48226
5473
48589
48198
46138
48554
19540
47708
30303
44314
43027
47720
38593
48056
35214
41367
48212
48526
34942
24596
41414
36780
47961
44889
45561
38015
43891
37956
43273
49013
47306
16542
44916
46227
47008
46309
35748
16541
33541
48141
41696
42518
43016
45805
44274
38654
16622
43038
43362
41769
43000
46228
48997
43025
7373
30301
16592
36768
47718
48819
45769
48874
41369
39455
31390
36722
48663
47367
48213
32706
47398
48519
7391
16682
46311
43920
43413
43393
41703
44711
44812
15477
45733
42891
47979
33774
16642
44855
37493
48623
39691
44022
34828
44023
38948
44319
48291
1179
36715
48898
46811
34818
16612
42991
44338
48658
46596
48661
33781
16566
44272
43265
45437
32709
47940
975
46239
16580
48378
37385
48525
46540
31697
47358
2526
36765
48983
48214
33779
48345
5443
39421
43325
24287
1186
48273
16605
33782
42501
48654
48821
33800
45682
33630
42946
46253
48642
1189
41400
46878
45744
16656
41671
48657
34937
47107
32791
7514
44284
16585
42098
48552
47361
43036
47366
6260
46608
47941
38582
48208
48643
31384
1166
30299
47142
16652
42521
47895
42950
48588
41666
44194
32715
33558
48644
32542
41495
47982
16579
16619
45818
37930
44273
46206
48532
48421
969
48688
48629
43303
42254
1158
16587
39163
45624
48653
46782
46127
16631
46271
35515
48556
32530
33789
45841
48406
43388
47942
7401
42159
47145
45806
46240
47363
47725
47983
7496
39341
44808
45358
47139
33788
41478
47912
42898
16667
45675
16639
33785
24085
48143
16594
42063
46522
42972
37284
34384
46260
48176
38663
49015
37474
37481
42939
5519
6169
6272
29109
44014
47960
1163
16572
39789
16603
48558
45568
42590
36679
33716
16577
44884
47733
42574
32533
1155
33786
48664
37402
6240
30169
43034
43289
33534
48420
48524
48594
38567
37998
47353
37399
42244
36608
46212
39471
48832
7367
16573
47387
34323
31385
42266
44677
46813
47150
34962
7381
44684
44690
45585
48439
47388
48987
47523
36691
34939
37961
41303
46814
46907
48595
46607
16597
42130
47984
42914
44260
38573
34383
5057
33417
16610
42284
42968
32712
34957
1190
42414
1175
45824
46804
7389
44846
46205
46283
45625
48721
46789
48414
46558
42253
45364
41709
47034
48624
41783
30296
5074
36783
47959
37366
48437
44946
49019
41461
47357
42255
46559
34888
39433
37401
46498
20679
34823
42517
47148
5413
48715
47396
45596
34971
46825
32704
46745
47706
1048
16615
16640
38650
46465
17868
30202
46787
46824
36604
37365
16604
39090
44017
48557
47527
46828
5474
42256
48860
39114
48626
